2025-07-02 12:24:25,344 - INFO - === Запуск автоматической сборки мультикодера ===
2025-07-02 12:24:25,346 - INFO - Создан файл: core.py
2025-07-02 12:24:25,346 - INFO - Создан файл: gui.py
2025-07-02 12:24:25,347 - INFO - Создан файл: logger.py
2025-07-02 12:24:25,347 - INFO - Создан файл: ai.py
2025-07-02 12:24:25,367 - INFO - Извлечено 91 фрагментов по ключу 'ядро'
2025-07-02 12:24:25,388 - INFO - Извлечено 153 фрагментов по ключу 'core'
2025-07-02 12:24:25,406 - INFO - Извлечено 54 фрагментов по ключу 'GUI'
2025-07-02 12:24:25,431 - INFO - Извлечено 178 фрагментов по ключу 'интерфейс'
2025-07-02 12:24:25,455 - INFO - Извлечено 8 фрагментов по ключу 'логирование'
2025-07-02 12:24:25,480 - INFO - Извлечено 6 фрагментов по ключу 'логгер'
2025-07-02 12:24:25,500 - INFO - Извлечено 0 фрагментов по ключу 'TaskManager'
2025-07-02 12:24:25,515 - INFO - Извлечено 0 фрагментов по ключу 'CoreCoordinator'
2025-07-02 12:24:25,536 - INFO - Извлечено 0 фрагментов по ключу 'ParanoidTester'
2025-07-02 12:24:25,559 - INFO - Извлечено 1 фрагментов по ключу 'API-ключ'
2025-07-02 12:24:25,579 - INFO - Извлечено 32 фрагментов по ключу 'интеграция'
2025-07-02 12:24:25,600 - INFO - Извлечено 11 фрагментов по ключу 'pipeline'
2025-07-02 12:24:25,619 - INFO - Извлечено 58 фрагментов по ключу 'архитектура'
2025-07-02 12:24:25,619 - INFO - Вставлено 153 фрагментов в core.py по теме 'core'
2025-07-02 12:24:25,619 - INFO - Вставлено 54 фрагментов в gui.py по теме 'GUI'
2025-07-02 12:24:25,619 - INFO - Готово! Заготовки мультикодера созданы в папке MCoder_AutoBuild
2025-07-02 12:26:41,968 - INFO - === Запуск автоматической сборки мультикодера ===
2025-07-02 12:26:41,968 - INFO - Создан файл: core.py
2025-07-02 12:26:41,968 - INFO - Создан файл: gui.py
2025-07-02 12:26:41,968 - INFO - Создан файл: logger.py
2025-07-02 12:26:41,977 - INFO - Создан файл: ai.py
2025-07-02 12:26:41,992 - INFO - Извлечено 91 фрагментов по ключу 'ядро'
2025-07-02 12:26:42,012 - INFO - Извлечено 153 фрагментов по ключу 'core'
2025-07-02 12:26:42,039 - INFO - Извлечено 54 фрагментов по ключу 'GUI'
2025-07-02 12:26:42,060 - INFO - Извлечено 178 фрагментов по ключу 'интерфейс'
2025-07-02 12:26:42,074 - INFO - Извлечено 8 фрагментов по ключу 'логирование'
2025-07-02 12:26:42,101 - INFO - Извлечено 6 фрагментов по ключу 'логгер'
2025-07-02 12:26:42,123 - INFO - Извлечено 0 фрагментов по ключу 'TaskManager'
2025-07-02 12:26:42,135 - INFO - Извлечено 0 фрагментов по ключу 'CoreCoordinator'
2025-07-02 12:26:42,157 - INFO - Извлечено 0 фрагментов по ключу 'ParanoidTester'
2025-07-02 12:26:42,178 - INFO - Извлечено 1 фрагментов по ключу 'API-ключ'
2025-07-02 12:26:42,201 - INFO - Извлечено 32 фрагментов по ключу 'интеграция'
2025-07-02 12:26:42,227 - INFO - Извлечено 11 фрагментов по ключу 'pipeline'
2025-07-02 12:26:42,234 - INFO - Извлечено 58 фрагментов по ключу 'архитектура'
2025-07-02 12:26:42,234 - INFO - Вставлено 153 фрагментов в core.py по теме 'core'
2025-07-02 12:26:42,248 - INFO - Вставлено 54 фрагментов в gui.py по теме 'GUI'
2025-07-02 12:26:42,248 - INFO - Готово! Заготовки мультикодера созданы в папке MCoder_AutoBuild
