2025-07-01 23:48:38,887 - INFO - Добавлен системный модуль 'Core' со статусом: ok
2025-07-01 23:48:38,891 - INFO - Добавлен системный модуль 'GUI' со статусом: ok
2025-07-01 23:48:38,896 - INFO - Добавлен системный модуль 'Logging' со статусом: ok
2025-07-01 23:48:38,902 - INFO - Добавлен системный модуль 'Diagnostics' со статусом: warning
2025-07-01 23:48:38,907 - INFO - Добавлен системный модуль 'TaskManager' со статусом: ok
2025-07-01 23:48:38,911 - INFO - Добавлен системный модуль 'API Panel' со статусом: ok
2025-07-01 23:48:38,917 - INFO - Добавлен системный модуль 'Export/Reports' со статусом: ok
2025-07-01 23:48:38,923 - INFO - Добавлен системный модуль 'Security/Audit' со статусом: ok
2025-07-01 23:48:38,928 - INFO - Добавлен системный модуль 'Memory/DB' со статусом: ok
2025-07-01 23:48:38,933 - INFO - Добавлен системный модуль 'AI Integration' со статусом: ok
2025-07-01 23:48:38,938 - INFO - Добавлен системный модуль 'Health Monitor' со статусом: ok
2025-07-01 23:48:38,943 - INFO - Добавлен системный модуль 'File Upload' со статусом: ok
2025-07-01 23:48:38,947 - INFO - Добавлен системный модуль 'Build/Compiler' со статусом: ok
2025-07-01 23:48:38,953 - INFO - Добавлен системный модуль 'ParanoidTester' со статусом: warning
2025-07-01 23:48:38,958 - INFO - Добавлен системный модуль 'CoreCoordinator' со статусом: warning
2025-07-01 23:51:55,369 - INFO - Обновлён статус системного модуля 'Core': ok
2025-07-01 23:51:55,380 - INFO - Обновлён статус системного модуля 'GUI': ok
2025-07-01 23:51:55,383 - INFO - Обновлён статус системного модуля 'Logging': ok
2025-07-01 23:51:55,389 - INFO - Обновлён статус системного модуля 'Diagnostics': warning
2025-07-01 23:51:55,393 - INFO - Обновлён статус системного модуля 'TaskManager': ok
2025-07-01 23:51:55,396 - INFO - Обновлён статус системного модуля 'API Panel': ok
2025-07-01 23:51:55,405 - INFO - Обновлён статус системного модуля 'Export/Reports': ok
2025-07-01 23:51:55,409 - INFO - Обновлён статус системного модуля 'Security/Audit': ok
2025-07-01 23:51:55,415 - INFO - Обновлён статус системного модуля 'Memory/DB': ok
2025-07-01 23:51:55,420 - INFO - Обновлён статус системного модуля 'AI Integration': ok
2025-07-01 23:51:55,424 - INFO - Обновлён статус системного модуля 'Health Monitor': ok
2025-07-01 23:51:55,429 - INFO - Обновлён статус системного модуля 'File Upload': ok
2025-07-01 23:51:55,435 - INFO - Обновлён статус системного модуля 'Build/Compiler': ok
2025-07-01 23:51:55,437 - INFO - Обновлён статус системного модуля 'ParanoidTester': warning
2025-07-01 23:51:55,444 - INFO - Обновлён статус системного модуля 'CoreCoordinator': warning
